work on position:   11
Error happen on extract http://job-openings.monster.com/monster/67fb4acc-970a-4d7f-a148-bbecadc2f71c
work on position:   12
--
--
work on position:   24
Error happen on extract http://job-openings.monster.com/monster/fd28dbcd-5a50-4b92-9efb-6e792004490c
work on position:   25
--
--
work on position:  120
Error happen on extract http://jobview.monster.com/data-architect-job-washington-dc-us-182488333.aspx
work on position:  121
--
--
work on position:  433
Error happen on extract http://job-openings.monster.com/monster/3655fd41-7876-4f1c-9a44-9de1ea99f826
work on position:  434
--
--
work on position:  452
Error happen on extract http://jobview.monster.com/ux-designer-job-new-york-ny-us-182747267.aspx
work on position:  453
--
--
work on position:  472
Error happen on extract http://job-openings.monster.com/monster/44f1beab-ae9c-4ca3-8f74-7221fea3026d
work on position:  473
--
--
work on position:  543
Error happen on extract http://jobview.monster.com/financial-scientist-job-new-york-ny-us-182332199.aspx
work on position:  544
--
--
work on position:  569
Error happen on extract http://jobview.monster.com/senior-visual-designer-job-new-york-ny-us-182211543.aspx
work on position:  570
--
--
work on position:  584
Error happen on extract http://jobview.monster.com/data-scientist-job-new-york-ny-us-183081173.aspx
work on position:  585
--
--
work on position:  586
Error happen on extract http://jobview.monster.com/data-scientist-applied-nlp-job-new-york-ny-us-182119255.aspx
work on position:  587
--
--
work on position:  618
Error happen on extract http://job-openings.monster.com/monster/64ddbd28-c74c-4920-92b0-366a116612b4
work on position:  619
--
--
work on position:  751
Error happen on extract http://jobview.monster.com/ux-architect-job-new-york-ny-us-182349098.aspx
work on position:  752
--
--
work on position:  771
Error happen on extract http://jobview.monster.com/senior-user-experience-designer-job-new-york-ny-us-182288674.aspx
work on position:  772
--
--
work on position:  780
Error happen on extract http://job-openings.monster.com/monster/aaf80ef8-0fda-46f4-ab4f-eec15ccde4e8
work on position:  781
--
--
work on position:  810
Error happen on extract http://job-openings.monster.com/monster/869fbd3b-0096-4575-b9b8-9aecee99898f
work on position:  811
--
--
work on position:  849
Error happen on extract http://job-openings.monster.com/monster/30df57bf-1776-41ca-b0dd-f43a9e1eda4d
work on position:  850
--
--
work on position: 1023
Error happen on extract http://job-openings.monster.com/monster/303db0bd-dc55-44be-bb88-d4655c21f451
work on position: 1024
--
--
work on position: 1059
Error happen on extract http://job-openings.monster.com/monster/fb0983ee-1dbb-421f-843a-80beba4e57b2
Find 15 record in ./data/post/Oklahoma.dat
--
--
work on position: 1061
Error happen on extract http://job-openings.monster.com/monster/fcee93b5-f191-44d3-9670-97757e665846
work on position: 1062
--
--
work on position: 1170
Error happen on extract http://job-openings.monster.com/monster/fa2965d6-6245-4da9-8c38-03f8b6ab4842
work on position: 1171
--
--
work on position: 1213
Error happen on extract http://job-openings.monster.com/monster/191e8cb2-f815-4f71-afad-fa488c1d8d65
work on position: 1214
--
--
work on position: 1275
Error happen on extract http://job-openings.monster.com/monster/2f8328c8-e7b5-4107-a4b2-f1cf6ffcc752
work on position: 1276
--
--
work on position: 1326
Error happen on extract http://job-openings.monster.com/monster/302827ac-5a66-4d65-8650-20cd6e1454bf
work on position: 1327
--
--
work on position: 1365
Error happen on extract http://jobview.monster.com/data-science-marketing-analyst-job-chicago-il-us-175332149.aspx
work on position: 1366
--
--
work on position: 1393
Error happen on extract http://job-openings.monster.com/monster/f6d79401-333c-400d-9b24-dae250b938bc
work on position: 1394
--
--
work on position: 1404
Error happen on extract http://jobview.monster.com/data-scientist-job-chicago-il-us-182515721.aspx
work on position: 1405
--
--
work on position: 1443
Error happen on extract http://jobview.monster.com/senior-manager-data-analytics-data-science-job-chicago-il-us-182224292.aspx
work on position: 1444
--
--
work on position: 1615
Error happen on extract http://jobview.monster.com/data-scientist-modeling-job-chicago-il-us-182555598.aspx
work on position: 1616
--
--
work on position: 1771
Error happen on extract http://jobview.monster.com/data-scientist-job-lowell-ar-us-182932595.aspx
work on position: 1772
--
--
work on position: 1806
Error happen on extract http://job-openings.monster.com/monster/f5024ab3-ff37-45d5-87b2-fd525d04c9ea
work on position: 1807
--
--
work on position: 1808
Error happen on extract http://job-openings.monster.com/monster/77c3e4ed-1cce-482e-b46f-526696ea30d2
work on position: 1809
--
--
work on position: 1811
Error happen on extract http://job-openings.monster.com/monster/6e42e5b7-9417-4cd7-92dd-028b754fe72d
work on position: 1812
--
--
work on position: 1817
Error happen on extract http://job-openings.monster.com/monster/ec17bda7-1426-4a95-87d1-3e50bbb04cb6
work on position: 1818
--
--
work on position: 1876
Error happen on extract http://job-openings.monster.com/monster/a7c30a33-ecff-4eb2-b405-47fdf4371dc7
work on position: 1877
--
--
work on position: 1892
Error happen on extract http://job-openings.monster.com/monster/059c5aaa-1c98-49c5-8e2e-305c0444cffa
work on position: 1893
--
--
work on position: 1904
Error happen on extract http://job-openings.monster.com/monster/e6a398e8-e6ac-412e-a231-ba27ebeb35f6
work on position: 1905
--
--
work on position: 1918
Error happen on extract http://job-openings.monster.com/monster/88700d23-f007-4ad6-8ffb-093e1c853c2a
work on position: 1919
--
--
work on position: 1921
Error happen on extract http://job-openings.monster.com/monster/c7ab2c3c-025d-4e97-b882-bef7cb3243b4
work on position: 1922
--
--
work on position: 2043
Error happen on extract http://jobview.monster.com/process-technology-scientist-job-king-of-prussia-pa-us-182950764.aspx
work on position: 2044
--
--
work on position: 2135
Error happen on extract http://jobview.monster.com/senior-scientist-analytical-immunology-job-swiftwater-pa-us-182359022.aspx
work on position: 2136
--
--
work on position: 2136
Error happen on extract http://job-openings.monster.com/monster/cbbfc83f-e31b-46a8-bfa6-21de1e93ecd9
work on position: 2137
--
--
work on position: 2178
Error happen on extract http://jobview.monster.com/senior-data-scientist-job-phoenix-az-us-183045507.aspx
work on position: 2179
--
--
work on position: 2183
Error happen on extract http://job-openings.monster.com/monster/70951345-b3cd-4214-b409-c30102d12424
work on position: 2184
--
--
work on position: 2364
Error happen on extract http://job-openings.monster.com/monster/cbbfc83f-e31b-46a8-bfa6-21de1e93ecd9
work on position: 2365
--
--
work on position: 2379
Error happen on extract http://job-openings.monster.com/monster/5644830b-1d23-419f-9290-47b9f720c401
work on position: 2380
--
--
work on position: 2412
Error happen on extract http://jobview.monster.com/bi-analyst-job-leawood-ks-us-182933435.aspx
work on position: 2413
--
--
work on position: 2419
Error happen on extract http://job-openings.monster.com/monster/c52a0aa0-6b42-41c7-8d3a-5001998bbe3e
work on position: 2420
--
--
work on position: 2451
Error happen on extract http://job-openings.monster.com/monster/0465977c-86f7-4813-b295-ed26d908fbdb
work on position: 2452
--
--
work on position: 2463
Error happen on extract http://job-openings.monster.com/monster/e44bac0e-82a6-443b-9fa1-ab8790603232
work on position: 2464
--
--
work on position: 2471
Error happen on extract http://jobview.monster.com/data-science-intern-job-salt-lake-city-ut-us-183117692.aspx
work on position: 2472
--
--
work on position: 2489
Error happen on extract http://job-openings.monster.com/monster/124385fe-b7f9-4d24-9db5-0b1f7e9fb48a
work on position: 2490
--
--
work on position: 2571
Error happen on extract http://job-openings.monster.com/monster/89b29edd-271f-4fd7-8cc5-9174938f7c99
work on position: 2572
--
--
work on position: 2576
Error happen on extract http://job-openings.monster.com/monster/c077d8ed-397a-402d-9cac-96252ff0af31
work on position: 2577
--
--
work on position: 2617
Error happen on extract http://job-openings.monster.com/monster/c53b9295-663a-43bc-8b71-f8a97afd24d1
work on position: 2618
--
--
work on position: 2746
Error happen on extract http://job-openings.monster.com/monster/8529db2f-1ffb-496b-a55f-61041084d282
work on position: 2747
--
--
work on position: 2782
Error happen on extract http://job-openings.monster.com/monster/f945c9de-fe68-4b38-b361-4d83a600773e
work on position: 2783
--
--
work on position: 2807
Error happen on extract http://job-openings.monster.com/monster/881d0c2a-1828-496a-8456-63c51c9493a1
work on position: 2808
--
--
work on position: 2944
Error happen on extract http://job-openings.monster.com/monster/ceed31cd-b3cc-473e-833e-9e2c8327193f
work on position: 2945
--
--
work on position: 3013
Error happen on extract http://job-openings.monster.com/monster/51dae40f-f5e7-4d35-8018-55de6e1ac4ce
work on position: 3014
--
--
work on position: 3072
Error happen on extract http://job-openings.monster.com/monster/1617280d-1e04-4766-8115-e083ea4175bc
work on position: 3073
--
--
work on position: 3133
Error happen on extract http://job-openings.monster.com/monster/b3120ba2-a38c-42b2-9862-c77562f577bc
work on position: 3134
--
--
work on position: 3174
Error happen on extract http://jobview.monster.com/analytics-data-management-architect-job-portland-or-us-182284289.aspx
work on position: 3175
--
--
work on position: 3210
Error happen on extract http://job-openings.monster.com/monster/8446a65e-5867-42d8-94e6-aa21f87232a2
work on position: 3211
--
--
work on position: 3218
Error happen on extract http://job-openings.monster.com/monster/6437baf9-0f85-4cab-bc7b-e88c9ec11db8
work on position: 3219
--
--
work on position: 3223
Error happen on extract http://job-openings.monster.com/monster/ef6d2d4b-4f30-4b9d-88af-e5852f2d0405
work on position: 3224
--
--
work on position: 3236
Error happen on extract http://job-openings.monster.com/monster/8e2f0584-3a06-4fa3-a97a-510a400cd6f9
work on position: 3237
--
--
work on position: 3271
Error happen on extract http://job-openings.monster.com/monster/e0466952-e0a4-4095-9c26-23201d720f74
work on position: 3272
--
--
work on position: 3294
Error happen on extract http://job-openings.monster.com/monster/a743bbde-b186-4a27-b1ac-bbb6b90b9745
work on position: 3295
--
--
work on position: 3340
Error happen on extract http://jobview.monster.com/avp-of-applied-analytics-job-aliso-viejo-ca-us-183027065.aspx
work on position: 3341
--
--
work on position: 3343
Error happen on extract http://job-openings.monster.com/monster/4db8f751-3a7d-4448-bae6-bf2ce86878c3
work on position: 3344
--
--
work on position: 3347
Error happen on extract http://jobview.monster.com/senior-marketing-manager-job-san-francisco-ca-us-183029308.aspx
work on position: 3348
--
--
work on position: 3372
Error happen on extract http://jobview.monster.com/ux-researcher-job-menlo-park-ca-us-182331744.aspx
work on position: 3373
--
--
work on position: 3377
Error happen on extract http://job-openings.monster.com/monster/a80385e0-9931-4b89-9809-346c12ef9956
work on position: 3378
--
--
work on position: 3463
Error happen on extract http://jobview.monster.com/director-deep-learning-institute-job-santa-clara-ca-us-182619654.aspx
work on position: 3464
--
--
work on position: 3467
Error happen on extract http://jobview.monster.com/deep-learning-data-scientist-job-santa-clara-ca-us-182575700.aspx
work on position: 3468
--
--
work on position: 3468
Error happen on extract http://jobview.monster.com/cash-operations-analyst-job-san-francisco-ca-us-182664588.aspx
work on position: 3469
--
--
work on position: 3487
Error happen on extract http://jobview.monster.com/solutions-architect-autonomous-driving-job-santa-clara-ca-us-182242825.aspx
work on position: 3488
--
--
work on position: 3501
Error happen on extract http://job-openings.monster.com/monster/38cc72a1-8f1a-456f-8ebc-49bfff4a6d42
work on position: 3502
--
--
work on position: 3590
Error happen on extract http://jobview.monster.com/scientist-job-san-francisco-ca-us-182662692.aspx
work on position: 3591
--
--
work on position: 3597
Error happen on extract http://jobview.monster.com/analysts-job-san-francisco-ca-us-182662705.aspx
work on position: 3598
--
--
work on position: 3601
Error happen on extract http://job-openings.monster.com/monster/e1ffbeb5-33e3-4335-9915-9116dafb1626
work on position: 3602
--
--
work on position: 3613
Error happen on extract http://job-openings.monster.com/monster/6e2271f3-f599-4b9d-b528-6afd8ec2245b
work on position: 3614
--
--
work on position: 3672
Error happen on extract http://jobview.monster.com/it-critical-incident-problem-change-manager-job-santa-clara-ca-us-182619661.aspx
work on position: 3673
--
--
work on position: 3689
Error happen on extract http://jobview.monster.com/qa-automation-manager-job-san-diego-ca-us-183079888.aspx
work on position: 3690
--
--
work on position: 3692
Error happen on extract http://job-openings.monster.com/monster/13311858-cb86-4aeb-82d1-a607d43faa3e
work on position: 3693
--
--
work on position: 3715
Error happen on extract http://job-openings.monster.com/monster/0d4d0c68-ed42-4ab0-9456-41c4edc46efe
work on position: 3716
--
--
work on position: 3721
Error happen on extract http://jobview.monster.com/web-application-engineer-job-cupertino-ca-us-183126697.aspx
work on position: 3722
--
--
work on position: 3743
Error happen on extract http://job-openings.monster.com/monster/a90f8fb7-56bf-4036-95e5-4d780ce19a82
work on position: 3744
--
--
work on position: 3767
Error happen on extract http://job-openings.monster.com/monster/d5c2f95d-937c-4fad-98d9-32bf49c30d41
work on position: 3768
--
--
work on position: 3794
Error happen on extract http://jobview.monster.com/business-data-analyst-job-universal-city-ca-us-182398682.aspx
work on position: 3795
--
--
work on position: 3808
Error happen on extract http://job-openings.monster.com/monster/6e3a5a3c-d02c-4723-a4e5-0fd0d2fe4180
work on position: 3809
--
--
work on position: 3822
Error happen on extract http://job-openings.monster.com/monster/9eb48691-f42b-4ee0-8d42-0bdad49646ba
work on position: 3823
--
--
work on position: 3869
Error happen on extract http://job-openings.monster.com/monster/f2437256-bfb2-49a9-9d09-5b8c178c7561
work on position: 3870
--
--
work on position: 3874
Error happen on extract http://jobview.monster.com/software-engineer-job-sunnyvale-ca-us-182105462.aspx
work on position: 3875
--
--
work on position: 3909
Error happen on extract http://jobview.monster.com/statistician-modeler-data-scientist-job-foster-city-ca-us-182662761.aspx
work on position: 3910
--
--
work on position: 3932
Error happen on extract http://job-openings.monster.com/monster/c5ad645d-c49e-4b2a-a6a9-dfb66de7d832
work on position: 3933
--
--
work on position: 3943
Error happen on extract http://jobview.monster.com/software-engineer-top-secret-sci-clearances-only-job-redondo-beach-ca-us-182095686.aspx
work on position: 3944
--
--
work on position: 3965
Error happen on extract http://job-openings.monster.com/monster/ffbd9f28-9fa9-48b9-a515-728fe6b0ef80
work on position: 3966
--
--
work on position: 3971
Error happen on extract http://job-openings.monster.com/monster/b9170273-5a25-4840-81e7-5bb9ca28a59f
work on position: 3972
--
--
work on position: 4004
Error happen on extract http://job-openings.monster.com/monster/c8316fa6-8eda-491f-914a-6f14fd8b010c
work on position: 4005
--
--
work on position: 4020
Error happen on extract http://job-openings.monster.com/monster/c8bceacb-227f-449b-8bea-0b99a2b6051d
work on position: 4021
--
--
work on position: 4051
Error happen on extract http://job-openings.monster.com/monster/f18235ac-8962-42b6-bbda-750abf5e62aa
work on position: 4052
--
--
work on position: 4052
Error happen on extract http://jobview.monster.com/data-scientist-2-job-san-diego-ca-us-182907966.aspx
work on position: 4053
--
--
work on position: 4102
Error happen on extract http://job-openings.monster.com/monster/7593d8f0-f24d-4980-993f-ca0d09ff143a
work on position: 4103
--
--
work on position: 4127
Error happen on extract http://job-openings.monster.com/monster/da2c599c-903e-4675-b52c-cd30a1b2b2ba
work on position: 4128
--
--
work on position: 4246
Error happen on extract http://job-openings.monster.com/monster/97b2f276-4636-4549-bfe2-db3b9fb41bbe
work on position: 4247
--
--
work on position: 4265
Error happen on extract http://jobview.monster.com/scientist-job-andover-ma-us-182954204.aspx
work on position: 4266
--
--
work on position: 4274
Error happen on extract http://job-openings.monster.com/monster/3a4459f6-8d38-420d-9d5f-c5e23ae022a2
work on position: 4275
--
--
work on position: 4337
Error happen on extract http://jobview.monster.com/program-manager-job-boston-ma-us-182564618.aspx
work on position: 4338
--
--
work on position: 4371
Error happen on extract http://job-openings.monster.com/monster/20220f33-5766-4d0a-bae6-9e797fdf6776
work on position: 4372
--
--
work on position: 4393
Error happen on extract http://job-openings.monster.com/monster/b1a3ed9f-7616-47e9-813c-8b5454959c5f
work on position: 4394
--
--
work on position: 4596
Error happen on extract http://jobview.monster.com/qa-product-support-analyst-job-boston-ma-us-182659150.aspx
work on position: 4597
--
--
work on position: 4671
Error happen on extract http://job-openings.monster.com/monster/32857745-5b7b-44ca-bfc3-1f66745aff64
work on position: 4672
--
--
work on position: 4692
Error happen on extract http://job-openings.monster.com/monster/578a17c8-fefc-434d-b01f-b19e947f9543
work on position: 4693
--
--
work on position: 4734
Error happen on extract http://job-openings.monster.com/monster/566f7712-fab9-4072-b839-55023a098e44
work on position: 4735
--
--
work on position: 4792
Error happen on extract http://jobview.monster.com/sr-scientist-job-framingham-ma-us-182006972.aspx
work on position: 4793
--
--
work on position: 4795
Error happen on extract http://job-openings.monster.com/monster/d32688ba-c3c8-46d8-9a46-ac82aa1a7ede
work on position: 4796
--
--
work on position: 4797
Error happen on extract http://job-openings.monster.com/monster/40ae16d0-e7d3-440e-b738-71d80af82f39
work on position: 4798
--
--
work on position: 4808
Error happen on extract http://jobview.monster.com/certified-laboratory-scientist-job-madison-wi-us-182512371.aspx
work on position: 4809
--
--
work on position: 4816
Error happen on extract http://jobview.monster.com/data-science-marketing-analyst-job-pleasant-prairie-wi-us-175331958.aspx
work on position: 4817
--
--
work on position: 4826
Error happen on extract http://jobview.monster.com/data-science-marketing-analyst-job-milwaukee-wi-us-175331730.aspx
work on position: 4827
--
--
work on position: 4827
Error happen on extract http://jobview.monster.com/data-scientist-job-madison-wi-us-182833638.aspx
work on position: 4828
--
--
work on position: 4834
Error happen on extract http://jobview.monster.com/non-certified-clinical-laboratory-job-madison-wi-us-182512368.aspx
work on position: 4835
--
--
work on position: 4844
Error happen on extract http://job-openings.monster.com/monster/4d60d823-6d5e-475d-8f3a-650976846d96
work on position: 4845
--
--
work on position: 4937
Error happen on extract http://jobview.monster.com/senior-python-developer-job-alpharetta-ga-us-183070984.aspx
work on position: 4938
--
--
work on position: 4941
Error happen on extract http://job-openings.monster.com/monster/fbd8d304-fd3b-4ee5-869b-d17722d3b6e3
work on position: 4942
--
--
work on position: 4969
Error happen on extract http://job-openings.monster.com/monster/53c8d166-9257-4c12-9766-0321bf5c1114
work on position: 4970
--
--
work on position: 4972
Error happen on extract http://job-openings.monster.com/monster/bed29f22-622a-46e1-8881-78a40815f82f
work on position: 4973
--
--
work on position: 5002
Error happen on extract http://job-openings.monster.com/monster/1fcd8809-9211-46f4-b4d5-bdf5a42229b1
work on position: 5003
--
--
work on position: 5012
Error happen on extract http://jobview.monster.com/senior-business-insights-analytics-specialist-cricket-wireless-job-atlanta-ga-us-182977764.aspx
work on position: 5013
--
--
work on position: 5036
Error happen on extract http://job-openings.monster.com/monster/b4ffe9be-67f7-4a38-8fa7-b31432789729
work on position: 5037
--
--
work on position: 5049
Error happen on extract http://job-openings.monster.com/monster/fcb07186-3378-43dd-b24c-e6dda13e2d34
work on position: 5050
--
--
work on position: 5064
Error happen on extract http://jobview.monster.com/data-scientist-job-atlanta-ga-us-182907868.aspx
work on position: 5065
--
--
work on position: 5165
Error happen on extract http://job-openings.monster.com/monster/b7e5b262-905f-4efb-948a-bd1a8ba5dfc3
work on position: 5166
--
--
work on position: 5227
Error happen on extract http://job-openings.monster.com/monster/37670619-9b8f-4e24-b24c-0be7d25675d7
work on position: 5228
--
--
work on position: 5268
Error happen on extract http://jobview.monster.com/market-place-manager-coordinator-job-reading-pa-us-182598491.aspx
work on position: 5269
--
--
work on position: 5269
Error happen on extract http://job-openings.monster.com/monster/a9c261c3-c422-4100-b821-eae1c4da0dab
work on position: 5270
--
--
work on position: 5280
Error happen on extract http://job-openings.monster.com/monster/654e95eb-a8a2-43db-8d36-30f3b8289d37
work on position: 5281
--
--
work on position: 5286
Error happen on extract http://jobview.monster.com/scientist-job-west-point-pa-us-182425476.aspx
work on position: 5287
--
--
work on position: 5293
Error happen on extract http://job-openings.monster.com/monster/b8e75d05-4ee5-4f5a-bf78-1ea51e3403fb
work on position: 5294
--
--
work on position: 5298
Error happen on extract http://job-openings.monster.com/monster/5a85aee9-eec7-4708-aeb0-2e17596f5dc1
work on position: 5299
--
--
work on position: 5307
Error happen on extract http://job-openings.monster.com/monster/dace345d-3278-4b90-beb4-c0d0e70deefa
work on position: 5308
--
--
work on position: 5344
Error happen on extract http://job-openings.monster.com/monster/3e710a2a-d992-4a32-b6c5-24c7b3de5a1e
work on position: 5345
--
--
work on position: 5393
Error happen on extract http://job-openings.monster.com/monster/012e1d05-5abd-4c49-ad11-be5d4f15b9f7
Find 0 record in ./data/post/AmericanSamoa.dat
--
--
work on position: 5407
Error happen on extract http://job-openings.monster.com/monster/ed0e349c-e452-461e-9a51-e9c02b89fea2
work on position: 5408
--
--
work on position: 5446
Error happen on extract http://jobview.monster.com/data-scientist-job-raleigh-nc-us-182752701.aspx
work on position: 5447
--
--
work on position: 5450
Error happen on extract http://jobview.monster.com/research-scientist-comp-scientist-positions-job-us-180757331.aspx
work on position: 5451
--
--
work on position: 5500
Error happen on extract http://jobview.monster.com/data-scientist-job-raleigh-nc-us-182702640.aspx
work on position: 5501
--
--
work on position: 5502
Error happen on extract http://jobview.monster.com/data-science-consultant-job-charlotte-nc-us-182393805.aspx
work on position: 5503
--
--
work on position: 5506
Error happen on extract http://jobview.monster.com/data-scientist-machine-learning-job-east-durham-nc-us-182327671.aspx
work on position: 5507
--
--
work on position: 5516
Error happen on extract http://jobview.monster.com/data-scientist-job-charlotte-nc-us-182169835.aspx
work on position: 5517
--
--
work on position: 5527
Error happen on extract http://jobview.monster.com/data-scientist-job-charlotte-nc-us-182156406.aspx
work on position: 5528
--
--
work on position: 5595
Error happen on extract http://job-openings.monster.com/monster/2941fb40-d56d-41eb-8000-4d42034a36ab
work on position: 5596
--
--
work on position: 5624
Error happen on extract http://jobview.monster.com/data-scientist-job-temple-terrace-fl-us-182900920.aspx
work on position: 5625
--
--
work on position: 5638
Error happen on extract http://jobview.monster.com/principle-predictive-analyst-director-level-job-tampa-fl-us-182263741.aspx
work on position: 5639
--
--
work on position: 5651
Error happen on extract http://jobview.monster.com/big-data-hadoop-aws-architect-job-orlando-fl-us-183096252.aspx
work on position: 5652
--
--
work on position: 5724
Error happen on extract http://job-openings.monster.com/monster/a051c584-84db-484e-814f-e2775464f16e
work on position: 5725
--
--
work on position: 5737
Error happen on extract http://job-openings.monster.com/monster/b7013bfb-d460-4273-8a95-247c76080568
work on position: 5738
--
--
work on position: 5746
Error happen on extract http://job-openings.monster.com/monster/9f76a898-30c9-4463-9fa0-8461a20af59a
work on position: 5747
--
--
work on position: 5747
Error happen on extract http://jobview.monster.com/senior-data-scientist-incredible-quickly-growing-company-job-dania-fl-us-183104965.aspx
work on position: 5748
--
--
work on position: 5773
Error happen on extract http://job-openings.monster.com/monster/305bb20f-ee65-45e4-ac51-b171bf90d17a
work on position: 5774
--
--
work on position: 5780
Error happen on extract http://jobview.monster.com/ups-cyber-intelligence-analyst-job-louisville-ky-us-182286586.aspx
work on position: 5781
--
--
work on position: 5810
Error happen on extract http://jobview.monster.com/business-data-analyst-job-universal-city-ca-us-182398682.aspx
work on position: 5811
--
--
work on position: 5819
Error happen on extract http://jobview.monster.com/avp-of-applied-analytics-job-aliso-viejo-ca-us-183027065.aspx
work on position: 5820
--
--
work on position: 5849
Error happen on extract http://jobview.monster.com/data-engineer-sql-python-etl-job-firestone-park-ca-us-183104624.aspx
work on position: 5850
--
--
work on position: 5913
Error happen on extract http://job-openings.monster.com/monster/d6c6bcf4-d61f-46e2-8d0e-94780d759486
work on position: 5914
--
--
work on position: 5915
Error happen on extract http://jobview.monster.com/software-engineer-top-secret-sci-clearances-only-job-redondo-beach-ca-us-182095686.aspx
work on position: 5916
--
--
work on position: 5920
Error happen on extract http://job-openings.monster.com/monster/96c7fa1d-6172-435c-911b-a90f15a84602
work on position: 5921
--
--
work on position: 5952
Error happen on extract http://job-openings.monster.com/monster/5c38b4a3-7cec-4463-8936-506553ae8ea7
work on position: 5953
--
--
work on position: 5983
Error happen on extract http://job-openings.monster.com/monster/07725c79-678e-444b-a378-206a8839beb7
work on position: 5984
--
--
work on position: 6002
Error happen on extract http://jobview.monster.com/senior-scala-spark-developer-will-relocate-job-west-los-angeles-ca-us-183103797.aspx
work on position: 6003
--
--
work on position: 6006
Error happen on extract http://jobview.monster.com/back-end-developer-needed-to-build-revolutionary-financial-app!-job-los-angeles-ca-us-182749619.aspx
work on position: 6007
--
--
work on position: 6010
Error happen on extract http://job-openings.monster.com/monster/253d0484-95ed-4eb1-aab0-baec4aef2839
work on position: 6011
--
--
work on position: 6036
Error happen on extract http://jobview.monster.com/senior-data-engineer-pipeline-architecture-analytics-job-santa-monica-ca-us-183102627.aspx
work on position: 6037
--
--
work on position: 6051
Error happen on extract http://jobview.monster.com/senior-data-scientist-job-santa-monica-ca-us-183102644.aspx
work on position: 6052
--
--
work on position: 6068
Error happen on extract http://jobview.monster.com/data-scientist-great-product-200-countries-50m-users-job-los-angeles-ca-us-183101444.aspx
work on position: 6069
--
--
work on position: 6101
Error happen on extract http://jobview.monster.com/data-engineer-sql-python-etl-job-los-angeles-ca-us-182529841.aspx
work on position: 6102
--
--
work on position: 6163
Error happen on extract http://job-openings.monster.com/monster/49d59d1d-eed4-4a56-ab8e-66d29113012d
work on position: 6164
--
--
work on position: 6262
Error happen on extract http://job-openings.monster.com/monster/c52a0aa0-6b42-41c7-8d3a-5001998bbe3e
work on position: 6263
--
--
work on position: 6306
Error happen on extract http://job-openings.monster.com/monster/10c980a5-9a4e-4576-9cdb-acfba8c67067
work on position: 6307
--
--
work on position: 6373
Error happen on extract http://job-openings.monster.com/monster/8ea5cfb1-4a12-4bd2-863f-5a118bc3c27a
work on position: 6374
--
--
work on position: 6416
Error happen on extract http://job-openings.monster.com/monster/8574d707-e929-4d1f-98ac-d49e163936f9
work on position: 6417
--
--
work on position: 6441
Error happen on extract http://job-openings.monster.com/monster/b4da9572-15d5-41a8-8638-f76f14e8721e
work on position: 6442
--
--
work on position: 6462
Error happen on extract http://jobview.monster.com/data-scientist-job-lowell-ar-us-182932604.aspx
work on position: 6463
--
--
work on position: 6499
Error happen on extract http://job-openings.monster.com/monster/c6a43b27-2430-4b8d-bc88-ed09e8acf63f
work on position: 6500
--
--
work on position: 6517
Error happen on extract http://job-openings.monster.com/monster/5da82918-cdd0-4f12-8e32-219fe1c7f063
work on position: 6518
--
--
work on position: 6531
Error happen on extract http://job-openings.monster.com/monster/1022b0c2-41a5-497f-b2bc-8f5222691a57
work on position: 6532
--
--
work on position: 6544
Error happen on extract http://job-openings.monster.com/monster/36762578-1780-430b-beb4-87e37fd8fc6d
work on position: 6545
--
--
work on position: 6583
Error happen on extract http://job-openings.monster.com/monster/7717dde1-6ec1-41ba-b420-668261f8255a
work on position: 6584
--
--
work on position: 6661
Error happen on extract http://jobview.monster.com/data-scientist-consultant-job-piscataway-nj-us-182269233.aspx
work on position: 6662
--
--
work on position: 6674
Error happen on extract http://jobview.monster.com/ivd-testing-job-flanders-nj-us-182398380.aspx
work on position: 6675
--
--
work on position: 6679
Error happen on extract http://jobview.monster.com/systems-administrator-job-fort-dix-nj-us-182123431.aspx
work on position: 6680
--
--
work on position: 6741
Error happen on extract http://job-openings.monster.com/monster/b8cc667f-e496-4306-ab24-ae276e0429e1
work on position: 6742
--
--
work on position: 6762
Error happen on extract http://job-openings.monster.com/monster/da64e72c-25f1-41aa-9016-01f57491e978
work on position: 6763
--
--
work on position: 6860
Error happen on extract http://jobview.monster.com/product-manager-job-south-amboy-nj-us-183104375.aspx
work on position: 6861
--
--
work on position: 6990
Error happen on extract http://jobview.monster.com/ups-data-scientist-11809-4-11-17-job-wayne-nj-us-183127864.aspx
work on position: 6991
--
--
work on position: 7008
Error happen on extract http://jobview.monster.com/fixed-income-vba-sql-developer-data-scientist-job-jersey-city-nj-us-183084368.aspx
work on position: 7009
--
--
work on position: 7086
Error happen on extract http://job-openings.monster.com/monster/b3120ba2-a38c-42b2-9862-c77562f577bc
work on position: 7087
--
--
work on position: 7090
Error happen on extract http://job-openings.monster.com/monster/fd28dbcd-5a50-4b92-9efb-6e792004490c
work on position: 7091
--
--
work on position: 7102
Error happen on extract http://job-openings.monster.com/monster/8d47364a-f830-4427-80b6-8e0684547666
work on position: 7103
--
--
work on position: 7126
Error happen on extract http://job-openings.monster.com/monster/e6a398e8-e6ac-412e-a231-ba27ebeb35f6
work on position: 7127
--
--
work on position: 7242
Error happen on extract http://job-openings.monster.com/monster/c53b9295-663a-43bc-8b71-f8a97afd24d1
work on position: 7243
--
--
work on position: 7256
Error happen on extract http://jobview.monster.com/senior-hedis-data-analyst-job-seattle-wa-us-182075775.aspx
work on position: 7257
--
--
work on position: 7308
Error happen on extract http://job-openings.monster.com/monster/a7c30a33-ecff-4eb2-b405-47fdf4371dc7
work on position: 7309
--
--
work on position: 7333
Error happen on extract http://job-openings.monster.com/monster/a9aca2c9-4c21-442e-b7da-fcb67669be1c
work on position: 7334
--
--
work on position: 7345
Error happen on extract http://job-openings.monster.com/monster/c7ab2c3c-025d-4e97-b882-bef7cb3243b4
work on position: 7346
--
--
work on position: 7377
Error happen on extract http://jobview.monster.com/machine-learning-engineer-job-washington-dc-us-183101528.aspx
work on position: 7378
--
--
work on position: 7416
Error happen on extract http://job-openings.monster.com/monster/8529db2f-1ffb-496b-a55f-61041084d282
work on position: 7417
--
--
work on position: 7451
Error happen on extract http://job-openings.monster.com/monster/b8b16d09-00b2-4bfe-b747-809be589c895
work on position: 7452
--
--
work on position: 7463
Error happen on extract http://job-openings.monster.com/monster/f945c9de-fe68-4b38-b361-4d83a600773e
work on position: 7464
--
--
work on position: 7478
Error happen on extract http://job-openings.monster.com/monster/c2af9b08-3707-4501-ab4e-76e79f010b86
work on position: 7479
--
--
work on position: 7497
Error happen on extract http://job-openings.monster.com/monster/881d0c2a-1828-496a-8456-63c51c9493a1
work on position: 7498
--
--
work on position: 7528
Error happen on extract http://job-openings.monster.com/monster/059c5aaa-1c98-49c5-8e2e-305c0444cffa
work on position: 7529
--
--
work on position: 7583
Error happen on extract http://jobview.monster.com/analytics-data-management-architect-job-portland-or-us-182284289.aspx
work on position: 7584
--
--
work on position: 7679
Error happen on extract http://job-openings.monster.com/monster/ceed31cd-b3cc-473e-833e-9e2c8327193f
work on position: 7680
--
--
work on position: 7688
Error happen on extract http://jobview.monster.com/data-architect-job-washington-dc-us-182488333.aspx
work on position: 7689
--
--
work on position: 7704
Error happen on extract http://jobview.monster.com/data-analyst-job-bellevue-wa-us-182106981.aspx
work on position: 7705
--
--
work on position: 7715
Error happen on extract http://job-openings.monster.com/monster/b52ca318-a9ef-40b7-804d-f8c36c3e1c71
work on position: 7716
--
--
work on position: 7934
Error happen on extract http://job-openings.monster.com/monster/d09839bf-cfbc-4684-a8f8-4e6b13fbe2bd
work on position: 7935
--
--
work on position: 7939
Error happen on extract http://job-openings.monster.com/monster/b6c7bc1b-ecdc-4273-bea9-01097b14dc4f
work on position: 7940
--
--
work on position: 7940
Error happen on extract http://jobview.monster.com/big-data-architect-job-franklin-tn-us-182106121.aspx
work on position: 7941
--
--
work on position: 7959
Error happen on extract http://jobview.monster.com/business-analytics-manager-job-knoxville-tn-us-182979750.aspx
work on position: 7960
--
--
work on position: 8013
Error happen on extract http://jobview.monster.com/support-engineer-job-irving-tx-us-182646727.aspx
work on position: 8014
--
--
work on position: 8057
Error happen on extract http://job-openings.monster.com/monster/6c9a5db6-1b62-4bc0-b421-81cda737f6ff
work on position: 8058
--
--
work on position: 8074
Error happen on extract http://job-openings.monster.com/monster/ed1a8758-6735-43d2-aad9-bfc40e78450b
work on position: 8075
--
--
work on position: 8090
Error happen on extract http://jobview.monster.com/support-engineer-job-irving-tx-us-182646734.aspx
work on position: 8091
--
--
work on position: 8097
Error happen on extract http://job-openings.monster.com/monster/c6c5503b-c909-40ba-aafc-cae4d520803a
work on position: 8098
--
--
work on position: 8137
Error happen on extract http://job-openings.monster.com/monster/99b808ab-6655-40a0-b051-ec6204b23572
work on position: 8138
--
--
work on position: 8149
Error happen on extract http://job-openings.monster.com/monster/9b0c3ad8-7024-456c-956d-765570380919
work on position: 8150
--
--
work on position: 8160
Error happen on extract http://job-openings.monster.com/monster/082e42e4-b65a-4b46-831b-fdf5b9d4abe4
work on position: 8161
--
--
work on position: 8176
Error happen on extract http://jobview.monster.com/enterprise-data-quality-lead-job-irving-tx-us-182956580.aspx
work on position: 8177
--
--
work on position: 8274
Error happen on extract http://jobview.monster.com/sr-digital-marketing-analyst-job-dallas-tx-us-182429257.aspx
work on position: 8275
--
--
work on position: 8327
Error happen on extract http://jobview.monster.com/business-intelligence-bi-developer-job-houston-tx-us-182763274.aspx
work on position: 8328
--
--
work on position: 8345
Error happen on extract http://job-openings.monster.com/monster/cc38f68f-ec22-45ae-a91d-dd6062e41f3c
work on position: 8346
--
--
work on position: 8447
Error happen on extract http://job-openings.monster.com/monster/3e9a506e-2530-4789-8f80-8b57140df96f
work on position: 8448
--
--
work on position: 8454
Error happen on extract http://jobview.monster.com/lead-machine-learning-engineer-downtown-austin-job-austin-tx-us-183104099.aspx
work on position: 8455
